ARM GAS  C:\Users\84886\AppData\Local\Temp\ccdgaeEI.s 			page 1


   1              		.cpu cortex-m4
   2              		.eabi_attribute 27, 1
   3              		.eabi_attribute 28, 1
   4              		.eabi_attribute 20, 1
   5              		.eabi_attribute 21, 1
   6              		.eabi_attribute 23, 3
   7              		.eabi_attribute 24, 1
   8              		.eabi_attribute 25, 1
   9              		.eabi_attribute 26, 1
  10              		.eabi_attribute 30, 1
  11              		.eabi_attribute 34, 1
  12              		.eabi_attribute 18, 4
  13              		.file	"stm32f4xx_it.c"
  14              		.text
  15              	.Ltext0:
  16              		.cfi_sections	.debug_frame
  17              		.section	.text.NMI_Handler,"ax",%progbits
  18              		.align	1
  19              		.global	NMI_Handler
  20              		.arch armv7e-m
  21              		.syntax unified
  22              		.thumb
  23              		.thumb_func
  24              		.fpu fpv4-sp-d16
  26              	NMI_Handler:
  27              	.LFB130:
  28              		.file 1 "Core/Src/stm32f4xx_it.c"
   1:Core/Src/stm32f4xx_it.c **** /* USER CODE BEGIN Header */
   2:Core/Src/stm32f4xx_it.c **** /**
   3:Core/Src/stm32f4xx_it.c ****   ******************************************************************************
   4:Core/Src/stm32f4xx_it.c ****   * @file    stm32f4xx_it.c
   5:Core/Src/stm32f4xx_it.c ****   * @brief   Interrupt Service Routines.
   6:Core/Src/stm32f4xx_it.c ****   ******************************************************************************
   7:Core/Src/stm32f4xx_it.c ****   * @attention
   8:Core/Src/stm32f4xx_it.c ****   *
   9:Core/Src/stm32f4xx_it.c ****   * Copyright (c) 2023 STMicroelectronics.
  10:Core/Src/stm32f4xx_it.c ****   * All rights reserved.
  11:Core/Src/stm32f4xx_it.c ****   *
  12:Core/Src/stm32f4xx_it.c ****   * This software is licensed under terms that can be found in the LICENSE file
  13:Core/Src/stm32f4xx_it.c ****   * in the root directory of this software component.
  14:Core/Src/stm32f4xx_it.c ****   * If no LICENSE file comes with this software, it is provided AS-IS.
  15:Core/Src/stm32f4xx_it.c ****   *
  16:Core/Src/stm32f4xx_it.c ****   ******************************************************************************
  17:Core/Src/stm32f4xx_it.c ****   */
  18:Core/Src/stm32f4xx_it.c **** /* USER CODE END Header */
  19:Core/Src/stm32f4xx_it.c **** 
  20:Core/Src/stm32f4xx_it.c **** /* Includes ------------------------------------------------------------------*/
  21:Core/Src/stm32f4xx_it.c **** #include "main.h"
  22:Core/Src/stm32f4xx_it.c **** #include "stm32f4xx_it.h"
  23:Core/Src/stm32f4xx_it.c **** /* Private includes ----------------------------------------------------------*/
  24:Core/Src/stm32f4xx_it.c **** /* USER CODE BEGIN Includes */
  25:Core/Src/stm32f4xx_it.c **** /* USER CODE END Includes */
  26:Core/Src/stm32f4xx_it.c **** 
  27:Core/Src/stm32f4xx_it.c **** /* Private typedef -----------------------------------------------------------*/
  28:Core/Src/stm32f4xx_it.c **** /* USER CODE BEGIN TD */
  29:Core/Src/stm32f4xx_it.c **** 
  30:Core/Src/stm32f4xx_it.c **** /* USER CODE END TD */
ARM GAS  C:\Users\84886\AppData\Local\Temp\ccdgaeEI.s 			page 2


  31:Core/Src/stm32f4xx_it.c **** 
  32:Core/Src/stm32f4xx_it.c **** /* Private define ------------------------------------------------------------*/
  33:Core/Src/stm32f4xx_it.c **** /* USER CODE BEGIN PD */
  34:Core/Src/stm32f4xx_it.c **** 
  35:Core/Src/stm32f4xx_it.c **** /* USER CODE END PD */
  36:Core/Src/stm32f4xx_it.c **** 
  37:Core/Src/stm32f4xx_it.c **** /* Private macro -------------------------------------------------------------*/
  38:Core/Src/stm32f4xx_it.c **** /* USER CODE BEGIN PM */
  39:Core/Src/stm32f4xx_it.c **** 
  40:Core/Src/stm32f4xx_it.c **** /* USER CODE END PM */
  41:Core/Src/stm32f4xx_it.c **** 
  42:Core/Src/stm32f4xx_it.c **** /* Private variables ---------------------------------------------------------*/
  43:Core/Src/stm32f4xx_it.c **** /* USER CODE BEGIN PV */
  44:Core/Src/stm32f4xx_it.c **** 
  45:Core/Src/stm32f4xx_it.c **** /* USER CODE END PV */
  46:Core/Src/stm32f4xx_it.c **** 
  47:Core/Src/stm32f4xx_it.c **** /* Private function prototypes -----------------------------------------------*/
  48:Core/Src/stm32f4xx_it.c **** /* USER CODE BEGIN PFP */
  49:Core/Src/stm32f4xx_it.c **** 
  50:Core/Src/stm32f4xx_it.c **** /* USER CODE END PFP */
  51:Core/Src/stm32f4xx_it.c **** 
  52:Core/Src/stm32f4xx_it.c **** /* Private user code ---------------------------------------------------------*/
  53:Core/Src/stm32f4xx_it.c **** /* USER CODE BEGIN 0 */
  54:Core/Src/stm32f4xx_it.c **** 
  55:Core/Src/stm32f4xx_it.c **** /* USER CODE END 0 */
  56:Core/Src/stm32f4xx_it.c **** 
  57:Core/Src/stm32f4xx_it.c **** /* External variables --------------------------------------------------------*/
  58:Core/Src/stm32f4xx_it.c **** extern I2C_HandleTypeDef hi2c1;
  59:Core/Src/stm32f4xx_it.c **** extern TIM_HandleTypeDef htim8;
  60:Core/Src/stm32f4xx_it.c **** /* USER CODE BEGIN EV */
  61:Core/Src/stm32f4xx_it.c **** 
  62:Core/Src/stm32f4xx_it.c **** /* USER CODE END EV */
  63:Core/Src/stm32f4xx_it.c **** 
  64:Core/Src/stm32f4xx_it.c **** /******************************************************************************/
  65:Core/Src/stm32f4xx_it.c **** /*           Cortex-M4 Processor Interruption and Exception Handlers          */
  66:Core/Src/stm32f4xx_it.c **** /******************************************************************************/
  67:Core/Src/stm32f4xx_it.c **** /**
  68:Core/Src/stm32f4xx_it.c ****   * @brief This function handles Non maskable interrupt.
  69:Core/Src/stm32f4xx_it.c ****   */
  70:Core/Src/stm32f4xx_it.c **** void NMI_Handler(void)
  71:Core/Src/stm32f4xx_it.c **** {
  29              		.loc 1 71 1 view -0
  30              		.cfi_startproc
  31              		@ Volatile: function does not return.
  32              		@ args = 0, pretend = 0, frame = 0
  33              		@ frame_needed = 0, uses_anonymous_args = 0
  34              		@ link register save eliminated.
  35              	.L2:
  72:Core/Src/stm32f4xx_it.c ****   /* USER CODE BEGIN NonMaskableInt_IRQn 0 */
  73:Core/Src/stm32f4xx_it.c **** 
  74:Core/Src/stm32f4xx_it.c ****   /* USER CODE END NonMaskableInt_IRQn 0 */
  75:Core/Src/stm32f4xx_it.c ****   /* USER CODE BEGIN NonMaskableInt_IRQn 1 */
  76:Core/Src/stm32f4xx_it.c ****   while (1)
  36              		.loc 1 76 3 discriminator 1 view .LVU1
  77:Core/Src/stm32f4xx_it.c ****   {
  78:Core/Src/stm32f4xx_it.c ****   }
  37              		.loc 1 78 3 discriminator 1 view .LVU2
ARM GAS  C:\Users\84886\AppData\Local\Temp\ccdgaeEI.s 			page 3


  76:Core/Src/stm32f4xx_it.c ****   {
  38              		.loc 1 76 9 discriminator 1 view .LVU3
  39 0000 FEE7     		b	.L2
  40              		.cfi_endproc
  41              	.LFE130:
  43              		.section	.text.HardFault_Handler,"ax",%progbits
  44              		.align	1
  45              		.global	HardFault_Handler
  46              		.syntax unified
  47              		.thumb
  48              		.thumb_func
  49              		.fpu fpv4-sp-d16
  51              	HardFault_Handler:
  52              	.LFB131:
  79:Core/Src/stm32f4xx_it.c ****   /* USER CODE END NonMaskableInt_IRQn 1 */
  80:Core/Src/stm32f4xx_it.c **** }
  81:Core/Src/stm32f4xx_it.c **** 
  82:Core/Src/stm32f4xx_it.c **** /**
  83:Core/Src/stm32f4xx_it.c ****   * @brief This function handles Hard fault interrupt.
  84:Core/Src/stm32f4xx_it.c ****   */
  85:Core/Src/stm32f4xx_it.c **** void HardFault_Handler(void)
  86:Core/Src/stm32f4xx_it.c **** {
  53              		.loc 1 86 1 view -0
  54              		.cfi_startproc
  55              		@ Volatile: function does not return.
  56              		@ args = 0, pretend = 0, frame = 0
  57              		@ frame_needed = 0, uses_anonymous_args = 0
  58              		@ link register save eliminated.
  59              	.L4:
  87:Core/Src/stm32f4xx_it.c ****   /* USER CODE BEGIN HardFault_IRQn 0 */
  88:Core/Src/stm32f4xx_it.c **** 
  89:Core/Src/stm32f4xx_it.c ****   /* USER CODE END HardFault_IRQn 0 */
  90:Core/Src/stm32f4xx_it.c ****   while (1)
  60              		.loc 1 90 3 discriminator 1 view .LVU5
  91:Core/Src/stm32f4xx_it.c ****   {
  92:Core/Src/stm32f4xx_it.c ****     /* USER CODE BEGIN W1_HardFault_IRQn 0 */
  93:Core/Src/stm32f4xx_it.c ****     /* USER CODE END W1_HardFault_IRQn 0 */
  94:Core/Src/stm32f4xx_it.c ****   }
  61              		.loc 1 94 3 discriminator 1 view .LVU6
  90:Core/Src/stm32f4xx_it.c ****   {
  62              		.loc 1 90 9 discriminator 1 view .LVU7
  63 0000 FEE7     		b	.L4
  64              		.cfi_endproc
  65              	.LFE131:
  67              		.section	.text.MemManage_Handler,"ax",%progbits
  68              		.align	1
  69              		.global	MemManage_Handler
  70              		.syntax unified
  71              		.thumb
  72              		.thumb_func
  73              		.fpu fpv4-sp-d16
  75              	MemManage_Handler:
  76              	.LFB132:
  95:Core/Src/stm32f4xx_it.c **** }
  96:Core/Src/stm32f4xx_it.c **** 
  97:Core/Src/stm32f4xx_it.c **** /**
  98:Core/Src/stm32f4xx_it.c ****   * @brief This function handles Memory management fault.
ARM GAS  C:\Users\84886\AppData\Local\Temp\ccdgaeEI.s 			page 4


  99:Core/Src/stm32f4xx_it.c ****   */
 100:Core/Src/stm32f4xx_it.c **** void MemManage_Handler(void)
 101:Core/Src/stm32f4xx_it.c **** {
  77              		.loc 1 101 1 view -0
  78              		.cfi_startproc
  79              		@ Volatile: function does not return.
  80              		@ args = 0, pretend = 0, frame = 0
  81              		@ frame_needed = 0, uses_anonymous_args = 0
  82              		@ link register save eliminated.
  83              	.L6:
 102:Core/Src/stm32f4xx_it.c ****   /* USER CODE BEGIN MemoryManagement_IRQn 0 */
 103:Core/Src/stm32f4xx_it.c **** 
 104:Core/Src/stm32f4xx_it.c ****   /* USER CODE END MemoryManagement_IRQn 0 */
 105:Core/Src/stm32f4xx_it.c ****   while (1)
  84              		.loc 1 105 3 discriminator 1 view .LVU9
 106:Core/Src/stm32f4xx_it.c ****   {
 107:Core/Src/stm32f4xx_it.c ****     /* USER CODE BEGIN W1_MemoryManagement_IRQn 0 */
 108:Core/Src/stm32f4xx_it.c ****     /* USER CODE END W1_MemoryManagement_IRQn 0 */
 109:Core/Src/stm32f4xx_it.c ****   }
  85              		.loc 1 109 3 discriminator 1 view .LVU10
 105:Core/Src/stm32f4xx_it.c ****   {
  86              		.loc 1 105 9 discriminator 1 view .LVU11
  87 0000 FEE7     		b	.L6
  88              		.cfi_endproc
  89              	.LFE132:
  91              		.section	.text.BusFault_Handler,"ax",%progbits
  92              		.align	1
  93              		.global	BusFault_Handler
  94              		.syntax unified
  95              		.thumb
  96              		.thumb_func
  97              		.fpu fpv4-sp-d16
  99              	BusFault_Handler:
 100              	.LFB133:
 110:Core/Src/stm32f4xx_it.c **** }
 111:Core/Src/stm32f4xx_it.c **** 
 112:Core/Src/stm32f4xx_it.c **** /**
 113:Core/Src/stm32f4xx_it.c ****   * @brief This function handles Pre-fetch fault, memory access fault.
 114:Core/Src/stm32f4xx_it.c ****   */
 115:Core/Src/stm32f4xx_it.c **** void BusFault_Handler(void)
 116:Core/Src/stm32f4xx_it.c **** {
 101              		.loc 1 116 1 view -0
 102              		.cfi_startproc
 103              		@ Volatile: function does not return.
 104              		@ args = 0, pretend = 0, frame = 0
 105              		@ frame_needed = 0, uses_anonymous_args = 0
 106              		@ link register save eliminated.
 107              	.L8:
 117:Core/Src/stm32f4xx_it.c ****   /* USER CODE BEGIN BusFault_IRQn 0 */
 118:Core/Src/stm32f4xx_it.c **** 
 119:Core/Src/stm32f4xx_it.c ****   /* USER CODE END BusFault_IRQn 0 */
 120:Core/Src/stm32f4xx_it.c ****   while (1)
 108              		.loc 1 120 3 discriminator 1 view .LVU13
 121:Core/Src/stm32f4xx_it.c ****   {
 122:Core/Src/stm32f4xx_it.c ****     /* USER CODE BEGIN W1_BusFault_IRQn 0 */
 123:Core/Src/stm32f4xx_it.c ****     /* USER CODE END W1_BusFault_IRQn 0 */
 124:Core/Src/stm32f4xx_it.c ****   }
ARM GAS  C:\Users\84886\AppData\Local\Temp\ccdgaeEI.s 			page 5


 109              		.loc 1 124 3 discriminator 1 view .LVU14
 120:Core/Src/stm32f4xx_it.c ****   {
 110              		.loc 1 120 9 discriminator 1 view .LVU15
 111 0000 FEE7     		b	.L8
 112              		.cfi_endproc
 113              	.LFE133:
 115              		.section	.text.UsageFault_Handler,"ax",%progbits
 116              		.align	1
 117              		.global	UsageFault_Handler
 118              		.syntax unified
 119              		.thumb
 120              		.thumb_func
 121              		.fpu fpv4-sp-d16
 123              	UsageFault_Handler:
 124              	.LFB134:
 125:Core/Src/stm32f4xx_it.c **** }
 126:Core/Src/stm32f4xx_it.c **** 
 127:Core/Src/stm32f4xx_it.c **** /**
 128:Core/Src/stm32f4xx_it.c ****   * @brief This function handles Undefined instruction or illegal state.
 129:Core/Src/stm32f4xx_it.c ****   */
 130:Core/Src/stm32f4xx_it.c **** void UsageFault_Handler(void)
 131:Core/Src/stm32f4xx_it.c **** {
 125              		.loc 1 131 1 view -0
 126              		.cfi_startproc
 127              		@ Volatile: function does not return.
 128              		@ args = 0, pretend = 0, frame = 0
 129              		@ frame_needed = 0, uses_anonymous_args = 0
 130              		@ link register save eliminated.
 131              	.L10:
 132:Core/Src/stm32f4xx_it.c ****   /* USER CODE BEGIN UsageFault_IRQn 0 */
 133:Core/Src/stm32f4xx_it.c **** 
 134:Core/Src/stm32f4xx_it.c ****   /* USER CODE END UsageFault_IRQn 0 */
 135:Core/Src/stm32f4xx_it.c ****   while (1)
 132              		.loc 1 135 3 discriminator 1 view .LVU17
 136:Core/Src/stm32f4xx_it.c ****   {
 137:Core/Src/stm32f4xx_it.c ****     /* USER CODE BEGIN W1_UsageFault_IRQn 0 */
 138:Core/Src/stm32f4xx_it.c ****     /* USER CODE END W1_UsageFault_IRQn 0 */
 139:Core/Src/stm32f4xx_it.c ****   }
 133              		.loc 1 139 3 discriminator 1 view .LVU18
 135:Core/Src/stm32f4xx_it.c ****   {
 134              		.loc 1 135 9 discriminator 1 view .LVU19
 135 0000 FEE7     		b	.L10
 136              		.cfi_endproc
 137              	.LFE134:
 139              		.section	.text.SVC_Handler,"ax",%progbits
 140              		.align	1
 141              		.global	SVC_Handler
 142              		.syntax unified
 143              		.thumb
 144              		.thumb_func
 145              		.fpu fpv4-sp-d16
 147              	SVC_Handler:
 148              	.LFB135:
 140:Core/Src/stm32f4xx_it.c **** }
 141:Core/Src/stm32f4xx_it.c **** 
 142:Core/Src/stm32f4xx_it.c **** /**
 143:Core/Src/stm32f4xx_it.c ****   * @brief This function handles System service call via SWI instruction.
ARM GAS  C:\Users\84886\AppData\Local\Temp\ccdgaeEI.s 			page 6


 144:Core/Src/stm32f4xx_it.c ****   */
 145:Core/Src/stm32f4xx_it.c **** void SVC_Handler(void)
 146:Core/Src/stm32f4xx_it.c **** {
 149              		.loc 1 146 1 view -0
 150              		.cfi_startproc
 151              		@ args = 0, pretend = 0, frame = 0
 152              		@ frame_needed = 0, uses_anonymous_args = 0
 153              		@ link register save eliminated.
 147:Core/Src/stm32f4xx_it.c ****   /* USER CODE BEGIN SVCall_IRQn 0 */
 148:Core/Src/stm32f4xx_it.c **** 
 149:Core/Src/stm32f4xx_it.c ****   /* USER CODE END SVCall_IRQn 0 */
 150:Core/Src/stm32f4xx_it.c ****   /* USER CODE BEGIN SVCall_IRQn 1 */
 151:Core/Src/stm32f4xx_it.c **** 
 152:Core/Src/stm32f4xx_it.c ****   /* USER CODE END SVCall_IRQn 1 */
 153:Core/Src/stm32f4xx_it.c **** }
 154              		.loc 1 153 1 view .LVU21
 155 0000 7047     		bx	lr
 156              		.cfi_endproc
 157              	.LFE135:
 159              		.section	.text.DebugMon_Handler,"ax",%progbits
 160              		.align	1
 161              		.global	DebugMon_Handler
 162              		.syntax unified
 163              		.thumb
 164              		.thumb_func
 165              		.fpu fpv4-sp-d16
 167              	DebugMon_Handler:
 168              	.LFB136:
 154:Core/Src/stm32f4xx_it.c **** 
 155:Core/Src/stm32f4xx_it.c **** /**
 156:Core/Src/stm32f4xx_it.c ****   * @brief This function handles Debug monitor.
 157:Core/Src/stm32f4xx_it.c ****   */
 158:Core/Src/stm32f4xx_it.c **** void DebugMon_Handler(void)
 159:Core/Src/stm32f4xx_it.c **** {
 169              		.loc 1 159 1 view -0
 170              		.cfi_startproc
 171              		@ args = 0, pretend = 0, frame = 0
 172              		@ frame_needed = 0, uses_anonymous_args = 0
 173              		@ link register save eliminated.
 160:Core/Src/stm32f4xx_it.c ****   /* USER CODE BEGIN DebugMonitor_IRQn 0 */
 161:Core/Src/stm32f4xx_it.c **** 
 162:Core/Src/stm32f4xx_it.c ****   /* USER CODE END DebugMonitor_IRQn 0 */
 163:Core/Src/stm32f4xx_it.c ****   /* USER CODE BEGIN DebugMonitor_IRQn 1 */
 164:Core/Src/stm32f4xx_it.c **** 
 165:Core/Src/stm32f4xx_it.c ****   /* USER CODE END DebugMonitor_IRQn 1 */
 166:Core/Src/stm32f4xx_it.c **** }
 174              		.loc 1 166 1 view .LVU23
 175 0000 7047     		bx	lr
 176              		.cfi_endproc
 177              	.LFE136:
 179              		.section	.text.PendSV_Handler,"ax",%progbits
 180              		.align	1
 181              		.global	PendSV_Handler
 182              		.syntax unified
 183              		.thumb
 184              		.thumb_func
 185              		.fpu fpv4-sp-d16
ARM GAS  C:\Users\84886\AppData\Local\Temp\ccdgaeEI.s 			page 7


 187              	PendSV_Handler:
 188              	.LFB137:
 167:Core/Src/stm32f4xx_it.c **** 
 168:Core/Src/stm32f4xx_it.c **** /**
 169:Core/Src/stm32f4xx_it.c ****   * @brief This function handles Pendable request for system service.
 170:Core/Src/stm32f4xx_it.c ****   */
 171:Core/Src/stm32f4xx_it.c **** void PendSV_Handler(void)
 172:Core/Src/stm32f4xx_it.c **** {
 189              		.loc 1 172 1 view -0
 190              		.cfi_startproc
 191              		@ args = 0, pretend = 0, frame = 0
 192              		@ frame_needed = 0, uses_anonymous_args = 0
 193              		@ link register save eliminated.
 173:Core/Src/stm32f4xx_it.c ****   /* USER CODE BEGIN PendSV_IRQn 0 */
 174:Core/Src/stm32f4xx_it.c **** 
 175:Core/Src/stm32f4xx_it.c ****   /* USER CODE END PendSV_IRQn 0 */
 176:Core/Src/stm32f4xx_it.c ****   /* USER CODE BEGIN PendSV_IRQn 1 */
 177:Core/Src/stm32f4xx_it.c **** 
 178:Core/Src/stm32f4xx_it.c ****   /* USER CODE END PendSV_IRQn 1 */
 179:Core/Src/stm32f4xx_it.c **** }
 194              		.loc 1 179 1 view .LVU25
 195 0000 7047     		bx	lr
 196              		.cfi_endproc
 197              	.LFE137:
 199              		.section	.text.SysTick_Handler,"ax",%progbits
 200              		.align	1
 201              		.global	SysTick_Handler
 202              		.syntax unified
 203              		.thumb
 204              		.thumb_func
 205              		.fpu fpv4-sp-d16
 207              	SysTick_Handler:
 208              	.LFB138:
 180:Core/Src/stm32f4xx_it.c **** 
 181:Core/Src/stm32f4xx_it.c **** /**
 182:Core/Src/stm32f4xx_it.c ****   * @brief This function handles System tick timer.
 183:Core/Src/stm32f4xx_it.c ****   */
 184:Core/Src/stm32f4xx_it.c **** void SysTick_Handler(void)
 185:Core/Src/stm32f4xx_it.c **** {
 209              		.loc 1 185 1 view -0
 210              		.cfi_startproc
 211              		@ args = 0, pretend = 0, frame = 0
 212              		@ frame_needed = 0, uses_anonymous_args = 0
 213 0000 08B5     		push	{r3, lr}
 214              		.cfi_def_cfa_offset 8
 215              		.cfi_offset 3, -8
 216              		.cfi_offset 14, -4
 186:Core/Src/stm32f4xx_it.c ****   /* USER CODE BEGIN SysTick_IRQn 0 */
 187:Core/Src/stm32f4xx_it.c **** 
 188:Core/Src/stm32f4xx_it.c ****   /* USER CODE END SysTick_IRQn 0 */
 189:Core/Src/stm32f4xx_it.c ****   HAL_IncTick();
 217              		.loc 1 189 3 view .LVU27
 218 0002 FFF7FEFF 		bl	HAL_IncTick
 219              	.LVL0:
 190:Core/Src/stm32f4xx_it.c ****   /* USER CODE BEGIN SysTick_IRQn 1 */
 191:Core/Src/stm32f4xx_it.c **** 
 192:Core/Src/stm32f4xx_it.c ****   /* USER CODE END SysTick_IRQn 1 */
ARM GAS  C:\Users\84886\AppData\Local\Temp\ccdgaeEI.s 			page 8


 193:Core/Src/stm32f4xx_it.c **** }
 220              		.loc 1 193 1 is_stmt 0 view .LVU28
 221 0006 08BD     		pop	{r3, pc}
 222              		.cfi_endproc
 223              	.LFE138:
 225              		.section	.text.RCC_IRQHandler,"ax",%progbits
 226              		.align	1
 227              		.global	RCC_IRQHandler
 228              		.syntax unified
 229              		.thumb
 230              		.thumb_func
 231              		.fpu fpv4-sp-d16
 233              	RCC_IRQHandler:
 234              	.LFB139:
 194:Core/Src/stm32f4xx_it.c **** 
 195:Core/Src/stm32f4xx_it.c **** /******************************************************************************/
 196:Core/Src/stm32f4xx_it.c **** /* STM32F4xx Peripheral Interrupt Handlers                                    */
 197:Core/Src/stm32f4xx_it.c **** /* Add here the Interrupt Handlers for the used peripherals.                  */
 198:Core/Src/stm32f4xx_it.c **** /* For the available peripheral interrupt handler names,                      */
 199:Core/Src/stm32f4xx_it.c **** /* please refer to the startup file (startup_stm32f4xx.s).                    */
 200:Core/Src/stm32f4xx_it.c **** /******************************************************************************/
 201:Core/Src/stm32f4xx_it.c **** 
 202:Core/Src/stm32f4xx_it.c **** /**
 203:Core/Src/stm32f4xx_it.c ****   * @brief This function handles RCC global interrupt.
 204:Core/Src/stm32f4xx_it.c ****   */
 205:Core/Src/stm32f4xx_it.c **** void RCC_IRQHandler(void)
 206:Core/Src/stm32f4xx_it.c **** {
 235              		.loc 1 206 1 is_stmt 1 view -0
 236              		.cfi_startproc
 237              		@ args = 0, pretend = 0, frame = 0
 238              		@ frame_needed = 0, uses_anonymous_args = 0
 239              		@ link register save eliminated.
 207:Core/Src/stm32f4xx_it.c ****   /* USER CODE BEGIN RCC_IRQn 0 */
 208:Core/Src/stm32f4xx_it.c **** 
 209:Core/Src/stm32f4xx_it.c ****   /* USER CODE END RCC_IRQn 0 */
 210:Core/Src/stm32f4xx_it.c ****   /* USER CODE BEGIN RCC_IRQn 1 */
 211:Core/Src/stm32f4xx_it.c **** 
 212:Core/Src/stm32f4xx_it.c ****   /* USER CODE END RCC_IRQn 1 */
 213:Core/Src/stm32f4xx_it.c **** }
 240              		.loc 1 213 1 view .LVU30
 241 0000 7047     		bx	lr
 242              		.cfi_endproc
 243              	.LFE139:
 245              		.section	.text.I2C1_EV_IRQHandler,"ax",%progbits
 246              		.align	1
 247              		.global	I2C1_EV_IRQHandler
 248              		.syntax unified
 249              		.thumb
 250              		.thumb_func
 251              		.fpu fpv4-sp-d16
 253              	I2C1_EV_IRQHandler:
 254              	.LFB140:
 214:Core/Src/stm32f4xx_it.c **** 
 215:Core/Src/stm32f4xx_it.c **** /**
 216:Core/Src/stm32f4xx_it.c ****   * @brief This function handles I2C1 event interrupt.
 217:Core/Src/stm32f4xx_it.c ****   */
 218:Core/Src/stm32f4xx_it.c **** void I2C1_EV_IRQHandler(void)
ARM GAS  C:\Users\84886\AppData\Local\Temp\ccdgaeEI.s 			page 9


 219:Core/Src/stm32f4xx_it.c **** {
 255              		.loc 1 219 1 view -0
 256              		.cfi_startproc
 257              		@ args = 0, pretend = 0, frame = 0
 258              		@ frame_needed = 0, uses_anonymous_args = 0
 259 0000 08B5     		push	{r3, lr}
 260              		.cfi_def_cfa_offset 8
 261              		.cfi_offset 3, -8
 262              		.cfi_offset 14, -4
 220:Core/Src/stm32f4xx_it.c ****   /* USER CODE BEGIN I2C1_EV_IRQn 0 */
 221:Core/Src/stm32f4xx_it.c **** 
 222:Core/Src/stm32f4xx_it.c ****   /* USER CODE END I2C1_EV_IRQn 0 */
 223:Core/Src/stm32f4xx_it.c ****   HAL_I2C_EV_IRQHandler(&hi2c1);
 263              		.loc 1 223 3 view .LVU32
 264 0002 0248     		ldr	r0, .L19
 265 0004 FFF7FEFF 		bl	HAL_I2C_EV_IRQHandler
 266              	.LVL1:
 224:Core/Src/stm32f4xx_it.c ****   /* USER CODE BEGIN I2C1_EV_IRQn 1 */
 225:Core/Src/stm32f4xx_it.c **** 
 226:Core/Src/stm32f4xx_it.c ****   /* USER CODE END I2C1_EV_IRQn 1 */
 227:Core/Src/stm32f4xx_it.c **** }
 267              		.loc 1 227 1 is_stmt 0 view .LVU33
 268 0008 08BD     		pop	{r3, pc}
 269              	.L20:
 270 000a 00BF     		.align	2
 271              	.L19:
 272 000c 00000000 		.word	hi2c1
 273              		.cfi_endproc
 274              	.LFE140:
 276              		.section	.text.I2C1_ER_IRQHandler,"ax",%progbits
 277              		.align	1
 278              		.global	I2C1_ER_IRQHandler
 279              		.syntax unified
 280              		.thumb
 281              		.thumb_func
 282              		.fpu fpv4-sp-d16
 284              	I2C1_ER_IRQHandler:
 285              	.LFB141:
 228:Core/Src/stm32f4xx_it.c **** 
 229:Core/Src/stm32f4xx_it.c **** /**
 230:Core/Src/stm32f4xx_it.c ****   * @brief This function handles I2C1 error interrupt.
 231:Core/Src/stm32f4xx_it.c ****   */
 232:Core/Src/stm32f4xx_it.c **** void I2C1_ER_IRQHandler(void)
 233:Core/Src/stm32f4xx_it.c **** {
 286              		.loc 1 233 1 is_stmt 1 view -0
 287              		.cfi_startproc
 288              		@ args = 0, pretend = 0, frame = 0
 289              		@ frame_needed = 0, uses_anonymous_args = 0
 290 0000 08B5     		push	{r3, lr}
 291              		.cfi_def_cfa_offset 8
 292              		.cfi_offset 3, -8
 293              		.cfi_offset 14, -4
 234:Core/Src/stm32f4xx_it.c ****   /* USER CODE BEGIN I2C1_ER_IRQn 0 */
 235:Core/Src/stm32f4xx_it.c **** 
 236:Core/Src/stm32f4xx_it.c ****   /* USER CODE END I2C1_ER_IRQn 0 */
 237:Core/Src/stm32f4xx_it.c ****   HAL_I2C_ER_IRQHandler(&hi2c1);
 294              		.loc 1 237 3 view .LVU35
ARM GAS  C:\Users\84886\AppData\Local\Temp\ccdgaeEI.s 			page 10


 295 0002 0248     		ldr	r0, .L23
 296 0004 FFF7FEFF 		bl	HAL_I2C_ER_IRQHandler
 297              	.LVL2:
 238:Core/Src/stm32f4xx_it.c ****   /* USER CODE BEGIN I2C1_ER_IRQn 1 */
 239:Core/Src/stm32f4xx_it.c **** 
 240:Core/Src/stm32f4xx_it.c ****   /* USER CODE END I2C1_ER_IRQn 1 */
 241:Core/Src/stm32f4xx_it.c **** }
 298              		.loc 1 241 1 is_stmt 0 view .LVU36
 299 0008 08BD     		pop	{r3, pc}
 300              	.L24:
 301 000a 00BF     		.align	2
 302              	.L23:
 303 000c 00000000 		.word	hi2c1
 304              		.cfi_endproc
 305              	.LFE141:
 307              		.section	.text.EXTI15_10_IRQHandler,"ax",%progbits
 308              		.align	1
 309              		.global	EXTI15_10_IRQHandler
 310              		.syntax unified
 311              		.thumb
 312              		.thumb_func
 313              		.fpu fpv4-sp-d16
 315              	EXTI15_10_IRQHandler:
 316              	.LFB142:
 242:Core/Src/stm32f4xx_it.c **** 
 243:Core/Src/stm32f4xx_it.c **** /**
 244:Core/Src/stm32f4xx_it.c ****   * @brief This function handles EXTI line[15:10] interrupts.
 245:Core/Src/stm32f4xx_it.c ****   */
 246:Core/Src/stm32f4xx_it.c **** void EXTI15_10_IRQHandler(void)
 247:Core/Src/stm32f4xx_it.c **** {
 317              		.loc 1 247 1 is_stmt 1 view -0
 318              		.cfi_startproc
 319              		@ args = 0, pretend = 0, frame = 0
 320              		@ frame_needed = 0, uses_anonymous_args = 0
 321 0000 08B5     		push	{r3, lr}
 322              		.cfi_def_cfa_offset 8
 323              		.cfi_offset 3, -8
 324              		.cfi_offset 14, -4
 248:Core/Src/stm32f4xx_it.c ****   /* USER CODE BEGIN EXTI15_10_IRQn 0 */
 249:Core/Src/stm32f4xx_it.c **** 
 250:Core/Src/stm32f4xx_it.c ****   /* USER CODE END EXTI15_10_IRQn 0 */
 251:Core/Src/stm32f4xx_it.c ****   HAL_GPIO_EXTI_IRQHandler(E_Button_Pin);
 325              		.loc 1 251 3 view .LVU38
 326 0002 4FF48060 		mov	r0, #1024
 327 0006 FFF7FEFF 		bl	HAL_GPIO_EXTI_IRQHandler
 328              	.LVL3:
 252:Core/Src/stm32f4xx_it.c ****   /* USER CODE BEGIN EXTI15_10_IRQn 1 */
 253:Core/Src/stm32f4xx_it.c **** 
 254:Core/Src/stm32f4xx_it.c ****   /* USER CODE END EXTI15_10_IRQn 1 */
 255:Core/Src/stm32f4xx_it.c **** }
 329              		.loc 1 255 1 is_stmt 0 view .LVU39
 330 000a 08BD     		pop	{r3, pc}
 331              		.cfi_endproc
 332              	.LFE142:
 334              		.section	.text.TIM8_UP_TIM13_IRQHandler,"ax",%progbits
 335              		.align	1
 336              		.global	TIM8_UP_TIM13_IRQHandler
ARM GAS  C:\Users\84886\AppData\Local\Temp\ccdgaeEI.s 			page 11


 337              		.syntax unified
 338              		.thumb
 339              		.thumb_func
 340              		.fpu fpv4-sp-d16
 342              	TIM8_UP_TIM13_IRQHandler:
 343              	.LFB143:
 256:Core/Src/stm32f4xx_it.c **** 
 257:Core/Src/stm32f4xx_it.c **** /**
 258:Core/Src/stm32f4xx_it.c ****   * @brief This function handles TIM8 update interrupt and TIM13 global interrupt.
 259:Core/Src/stm32f4xx_it.c ****   */
 260:Core/Src/stm32f4xx_it.c **** void TIM8_UP_TIM13_IRQHandler(void)
 261:Core/Src/stm32f4xx_it.c **** {
 344              		.loc 1 261 1 is_stmt 1 view -0
 345              		.cfi_startproc
 346              		@ args = 0, pretend = 0, frame = 0
 347              		@ frame_needed = 0, uses_anonymous_args = 0
 348 0000 08B5     		push	{r3, lr}
 349              		.cfi_def_cfa_offset 8
 350              		.cfi_offset 3, -8
 351              		.cfi_offset 14, -4
 262:Core/Src/stm32f4xx_it.c ****   /* USER CODE BEGIN TIM8_UP_TIM13_IRQn 0 */
 263:Core/Src/stm32f4xx_it.c **** 
 264:Core/Src/stm32f4xx_it.c ****   /* USER CODE END TIM8_UP_TIM13_IRQn 0 */
 265:Core/Src/stm32f4xx_it.c ****   HAL_TIM_IRQHandler(&htim8);
 352              		.loc 1 265 3 view .LVU41
 353 0002 0248     		ldr	r0, .L29
 354 0004 FFF7FEFF 		bl	HAL_TIM_IRQHandler
 355              	.LVL4:
 266:Core/Src/stm32f4xx_it.c ****   /* USER CODE BEGIN TIM8_UP_TIM13_IRQn 1 */
 267:Core/Src/stm32f4xx_it.c **** 
 268:Core/Src/stm32f4xx_it.c ****   /* USER CODE END TIM8_UP_TIM13_IRQn 1 */
 269:Core/Src/stm32f4xx_it.c **** }
 356              		.loc 1 269 1 is_stmt 0 view .LVU42
 357 0008 08BD     		pop	{r3, pc}
 358              	.L30:
 359 000a 00BF     		.align	2
 360              	.L29:
 361 000c 00000000 		.word	htim8
 362              		.cfi_endproc
 363              	.LFE143:
 365              		.section	.text.TIM8_CC_IRQHandler,"ax",%progbits
 366              		.align	1
 367              		.global	TIM8_CC_IRQHandler
 368              		.syntax unified
 369              		.thumb
 370              		.thumb_func
 371              		.fpu fpv4-sp-d16
 373              	TIM8_CC_IRQHandler:
 374              	.LFB144:
 270:Core/Src/stm32f4xx_it.c **** 
 271:Core/Src/stm32f4xx_it.c **** /**
 272:Core/Src/stm32f4xx_it.c ****   * @brief This function handles TIM8 capture compare interrupt.
 273:Core/Src/stm32f4xx_it.c ****   */
 274:Core/Src/stm32f4xx_it.c **** void TIM8_CC_IRQHandler(void)
 275:Core/Src/stm32f4xx_it.c **** {
 375              		.loc 1 275 1 is_stmt 1 view -0
 376              		.cfi_startproc
ARM GAS  C:\Users\84886\AppData\Local\Temp\ccdgaeEI.s 			page 12


 377              		@ args = 0, pretend = 0, frame = 0
 378              		@ frame_needed = 0, uses_anonymous_args = 0
 379 0000 08B5     		push	{r3, lr}
 380              		.cfi_def_cfa_offset 8
 381              		.cfi_offset 3, -8
 382              		.cfi_offset 14, -4
 276:Core/Src/stm32f4xx_it.c ****   /* USER CODE BEGIN TIM8_CC_IRQn 0 */
 277:Core/Src/stm32f4xx_it.c **** 
 278:Core/Src/stm32f4xx_it.c ****   /* USER CODE END TIM8_CC_IRQn 0 */
 279:Core/Src/stm32f4xx_it.c ****   HAL_TIM_IRQHandler(&htim8);
 383              		.loc 1 279 3 view .LVU44
 384 0002 0248     		ldr	r0, .L33
 385 0004 FFF7FEFF 		bl	HAL_TIM_IRQHandler
 386              	.LVL5:
 280:Core/Src/stm32f4xx_it.c ****   /* USER CODE BEGIN TIM8_CC_IRQn 1 */
 281:Core/Src/stm32f4xx_it.c **** 
 282:Core/Src/stm32f4xx_it.c ****   /* USER CODE END TIM8_CC_IRQn 1 */
 283:Core/Src/stm32f4xx_it.c **** }
 387              		.loc 1 283 1 is_stmt 0 view .LVU45
 388 0008 08BD     		pop	{r3, pc}
 389              	.L34:
 390 000a 00BF     		.align	2
 391              	.L33:
 392 000c 00000000 		.word	htim8
 393              		.cfi_endproc
 394              	.LFE144:
 396              		.section	.text.FPU_IRQHandler,"ax",%progbits
 397              		.align	1
 398              		.global	FPU_IRQHandler
 399              		.syntax unified
 400              		.thumb
 401              		.thumb_func
 402              		.fpu fpv4-sp-d16
 404              	FPU_IRQHandler:
 405              	.LFB145:
 284:Core/Src/stm32f4xx_it.c **** 
 285:Core/Src/stm32f4xx_it.c **** /**
 286:Core/Src/stm32f4xx_it.c ****   * @brief This function handles FPU global interrupt.
 287:Core/Src/stm32f4xx_it.c ****   */
 288:Core/Src/stm32f4xx_it.c **** void FPU_IRQHandler(void)
 289:Core/Src/stm32f4xx_it.c **** {
 406              		.loc 1 289 1 is_stmt 1 view -0
 407              		.cfi_startproc
 408              		@ args = 0, pretend = 0, frame = 0
 409              		@ frame_needed = 0, uses_anonymous_args = 0
 410              		@ link register save eliminated.
 290:Core/Src/stm32f4xx_it.c ****   /* USER CODE BEGIN FPU_IRQn 0 */
 291:Core/Src/stm32f4xx_it.c **** 
 292:Core/Src/stm32f4xx_it.c ****   /* USER CODE END FPU_IRQn 0 */
 293:Core/Src/stm32f4xx_it.c ****   /* USER CODE BEGIN FPU_IRQn 1 */
 294:Core/Src/stm32f4xx_it.c **** 
 295:Core/Src/stm32f4xx_it.c ****   /* USER CODE END FPU_IRQn 1 */
 296:Core/Src/stm32f4xx_it.c **** }
 411              		.loc 1 296 1 view .LVU47
 412 0000 7047     		bx	lr
 413              		.cfi_endproc
 414              	.LFE145:
ARM GAS  C:\Users\84886\AppData\Local\Temp\ccdgaeEI.s 			page 13


 416              		.text
 417              	.Letext0:
 418              		.file 2 "c:\\users\\84886\\desktop\\project stm32\\tool\\arm-gnu-toolchain-12.2.mpacbti-rel1-mingw
 419              		.file 3 "c:\\users\\84886\\desktop\\project stm32\\tool\\arm-gnu-toolchain-12.2.mpacbti-rel1-mingw
 420              		.file 4 "Drivers/CMSIS/Include/core_cm4.h"
 421              		.file 5 "Drivers/CMSIS/Device/ST/STM32F4xx/Include/system_stm32f4xx.h"
 422              		.file 6 "Drivers/CMSIS/Device/ST/STM32F4xx/Include/stm32f407xx.h"
 423              		.file 7 "Drivers/STM32F4xx_HAL_Driver/Inc/stm32f4xx_hal_def.h"
 424              		.file 8 "Drivers/STM32F4xx_HAL_Driver/Inc/stm32f4xx_hal_dma.h"
 425              		.file 9 "Drivers/STM32F4xx_HAL_Driver/Inc/stm32f4xx_hal_i2c.h"
 426              		.file 10 "Drivers/STM32F4xx_HAL_Driver/Inc/stm32f4xx_hal_tim.h"
 427              		.file 11 "Drivers/STM32F4xx_HAL_Driver/Inc/stm32f4xx_hal.h"
 428              		.file 12 "Drivers/STM32F4xx_HAL_Driver/Inc/stm32f4xx_hal_gpio.h"
ARM GAS  C:\Users\84886\AppData\Local\Temp\ccdgaeEI.s 			page 14


DEFINED SYMBOLS
                            *ABS*:00000000 stm32f4xx_it.c
C:\Users\84886\AppData\Local\Temp\ccdgaeEI.s:18     .text.NMI_Handler:00000000 $t
C:\Users\84886\AppData\Local\Temp\ccdgaeEI.s:26     .text.NMI_Handler:00000000 NMI_Handler
C:\Users\84886\AppData\Local\Temp\ccdgaeEI.s:44     .text.HardFault_Handler:00000000 $t
C:\Users\84886\AppData\Local\Temp\ccdgaeEI.s:51     .text.HardFault_Handler:00000000 HardFault_Handler
C:\Users\84886\AppData\Local\Temp\ccdgaeEI.s:68     .text.MemManage_Handler:00000000 $t
C:\Users\84886\AppData\Local\Temp\ccdgaeEI.s:75     .text.MemManage_Handler:00000000 MemManage_Handler
C:\Users\84886\AppData\Local\Temp\ccdgaeEI.s:92     .text.BusFault_Handler:00000000 $t
C:\Users\84886\AppData\Local\Temp\ccdgaeEI.s:99     .text.BusFault_Handler:00000000 BusFault_Handler
C:\Users\84886\AppData\Local\Temp\ccdgaeEI.s:116    .text.UsageFault_Handler:00000000 $t
C:\Users\84886\AppData\Local\Temp\ccdgaeEI.s:123    .text.UsageFault_Handler:00000000 UsageFault_Handler
C:\Users\84886\AppData\Local\Temp\ccdgaeEI.s:140    .text.SVC_Handler:00000000 $t
C:\Users\84886\AppData\Local\Temp\ccdgaeEI.s:147    .text.SVC_Handler:00000000 SVC_Handler
C:\Users\84886\AppData\Local\Temp\ccdgaeEI.s:160    .text.DebugMon_Handler:00000000 $t
C:\Users\84886\AppData\Local\Temp\ccdgaeEI.s:167    .text.DebugMon_Handler:00000000 DebugMon_Handler
C:\Users\84886\AppData\Local\Temp\ccdgaeEI.s:180    .text.PendSV_Handler:00000000 $t
C:\Users\84886\AppData\Local\Temp\ccdgaeEI.s:187    .text.PendSV_Handler:00000000 PendSV_Handler
C:\Users\84886\AppData\Local\Temp\ccdgaeEI.s:200    .text.SysTick_Handler:00000000 $t
C:\Users\84886\AppData\Local\Temp\ccdgaeEI.s:207    .text.SysTick_Handler:00000000 SysTick_Handler
C:\Users\84886\AppData\Local\Temp\ccdgaeEI.s:226    .text.RCC_IRQHandler:00000000 $t
C:\Users\84886\AppData\Local\Temp\ccdgaeEI.s:233    .text.RCC_IRQHandler:00000000 RCC_IRQHandler
C:\Users\84886\AppData\Local\Temp\ccdgaeEI.s:246    .text.I2C1_EV_IRQHandler:00000000 $t
C:\Users\84886\AppData\Local\Temp\ccdgaeEI.s:253    .text.I2C1_EV_IRQHandler:00000000 I2C1_EV_IRQHandler
C:\Users\84886\AppData\Local\Temp\ccdgaeEI.s:272    .text.I2C1_EV_IRQHandler:0000000c $d
C:\Users\84886\AppData\Local\Temp\ccdgaeEI.s:277    .text.I2C1_ER_IRQHandler:00000000 $t
C:\Users\84886\AppData\Local\Temp\ccdgaeEI.s:284    .text.I2C1_ER_IRQHandler:00000000 I2C1_ER_IRQHandler
C:\Users\84886\AppData\Local\Temp\ccdgaeEI.s:303    .text.I2C1_ER_IRQHandler:0000000c $d
C:\Users\84886\AppData\Local\Temp\ccdgaeEI.s:308    .text.EXTI15_10_IRQHandler:00000000 $t
C:\Users\84886\AppData\Local\Temp\ccdgaeEI.s:315    .text.EXTI15_10_IRQHandler:00000000 EXTI15_10_IRQHandler
C:\Users\84886\AppData\Local\Temp\ccdgaeEI.s:335    .text.TIM8_UP_TIM13_IRQHandler:00000000 $t
C:\Users\84886\AppData\Local\Temp\ccdgaeEI.s:342    .text.TIM8_UP_TIM13_IRQHandler:00000000 TIM8_UP_TIM13_IRQHandler
C:\Users\84886\AppData\Local\Temp\ccdgaeEI.s:361    .text.TIM8_UP_TIM13_IRQHandler:0000000c $d
C:\Users\84886\AppData\Local\Temp\ccdgaeEI.s:366    .text.TIM8_CC_IRQHandler:00000000 $t
C:\Users\84886\AppData\Local\Temp\ccdgaeEI.s:373    .text.TIM8_CC_IRQHandler:00000000 TIM8_CC_IRQHandler
C:\Users\84886\AppData\Local\Temp\ccdgaeEI.s:392    .text.TIM8_CC_IRQHandler:0000000c $d
C:\Users\84886\AppData\Local\Temp\ccdgaeEI.s:397    .text.FPU_IRQHandler:00000000 $t
C:\Users\84886\AppData\Local\Temp\ccdgaeEI.s:404    .text.FPU_IRQHandler:00000000 FPU_IRQHandler

UNDEFINED SYMBOLS
HAL_IncTick
HAL_I2C_EV_IRQHandler
hi2c1
HAL_I2C_ER_IRQHandler
HAL_GPIO_EXTI_IRQHandler
HAL_TIM_IRQHandler
htim8
